<?xml version="1.0" encoding="UTF-8"?>
<!-- Generated by org.testng.reporters.JUnitXMLReporter -->
<testsuite ignored="0" hostname="LAPTOP-O2EDIB3G" failures="0" tests="1" name="Test" time="0.115" errors="0" timestamp="2023-08-29T19:48:43 AEST">
  <testcase classname="crossBrowserTesting.crossBrowser" name="@BeforeTest intialize" time="-1.693302523206E9">
    <failure type="org.testng.TestNGException" message="
Can inject only one of &amp;lt;ITestContext, XmlTest&amp;gt; into a @BeforeTest annotated intialize.
For more information on native dependency injection please refer to https://testng.org/doc/documentation-main.html#native-dependency-injection">
      <![CDATA[org.testng.TestNGException: 
Can inject only one of <ITestContext, XmlTest> into a @BeforeTest annotated intialize.
For more information on native dependency injection please refer to https://testng.org/doc/documentation-main.html#native-dependency-injection
... Removed 21 stack frames]]>
    </failure>
  </testcase> <!-- @BeforeTest intialize -->
  <testcase classname="crossBrowserTesting.crossBrowser" name="@AfterTest endTest" time="0.0">
    <skipped/>
  </testcase> <!-- @AfterTest endTest -->
  <testcase classname="crossBrowserTesting.crossBrowser" name="OrangeHRMLogin" time="0.001">
    <skipped/>
  </testcase> <!-- OrangeHRMLogin -->
</testsuite> <!-- Test -->
